[2023-08-19 17:13:25,129] [INFO] [real_accelerator.py:133:get_accelerator] Setting ds_accelerator to cuda (auto detect)
Evaluating on task (zero shot):  boolean_expressions
Accuracy:  51.33333333333333
Evaluating on task (zero shot):  disambiguation_qa
Accuracy:  0.0
Evaluating on task (zero shot):  multistep_arithmetic_two
Accuracy:  0.6666666666666667
Evaluating on task (zero shot):  temporal_sequences
Accuracy:  18.0
Evaluating on task (zero shot):  dyck_languages
Accuracy:  0.0
Evaluating on task (zero shot):  penguins_in_a_table
Accuracy:  30.434782608695656
Evaluating on task (zero shot):  tracking_shuffled_objects_seven_objects
Accuracy:  6.666666666666667
Evaluating on task (zero shot):  tracking_shuffled_objects_three_objects
Accuracy:  30.0
Evaluating on task (zero shot):  formal_fallacies
Accuracy:  50.66666666666667
Evaluating on task (zero shot):  reasoning_about_colored_objects
Accuracy:  40.0
Evaluating on task (zero shot):  causal_judgement
Accuracy:  63.2183908045977
Evaluating on task (zero shot):  movie_recommendation
Accuracy:  52.666666666666664
Evaluating on task (zero shot):  logical_deduction_five_objects
Accuracy:  34.66666666666667
Evaluating on task (zero shot):  ruin_names
Accuracy:  20.666666666666668
Evaluating on task (zero shot):  word_sorting
Accuracy:  0.0
Evaluating on task (zero shot):  date_understanding
Accuracy:  14.666666666666666
Evaluating on task (zero shot):  navigate
Accuracy:  48.0
Evaluating on task (zero shot):  logical_deduction_seven_objects
Accuracy:  36.666666666666664
Evaluating on task (zero shot):  geometric_shapes
Accuracy:  7.333333333333333
Evaluating on task (zero shot):  object_counting
Accuracy:  32.666666666666664
Evaluating on task (zero shot):  sports_understanding
Accuracy:  55.333333333333336
Evaluating on task (zero shot):  snarks
Accuracy:  61.53846153846154
Evaluating on task (zero shot):  logical_deduction_three_objects
Accuracy:  7.333333333333333
Evaluating on task (zero shot):  salient_translation_error_detection
Accuracy:  44.0
Evaluating on task (zero shot):  hyperbaton
Accuracy:  56.666666666666664
Evaluating on task (zero shot):  tracking_shuffled_objects_five_objects
Accuracy:  12.0
Evaluating on task (zero shot):  web_of_lies
Accuracy:  54.0
