[2023-08-19 18:14:42,807] [INFO] [real_accelerator.py:133:get_accelerator] Setting ds_accelerator to cuda (auto detect)
Evaluating on task (zero shot):  boolean_expressions
Accuracy:  54.0
Evaluating on task (zero shot):  disambiguation_qa
Accuracy:  0.0
Evaluating on task (zero shot):  multistep_arithmetic_two
Accuracy:  0.6666666666666667
Evaluating on task (zero shot):  temporal_sequences
Accuracy:  20.666666666666668
Evaluating on task (zero shot):  dyck_languages
Accuracy:  0.0
Evaluating on task (zero shot):  penguins_in_a_table
Accuracy:  45.65217391304348
Evaluating on task (zero shot):  tracking_shuffled_objects_seven_objects
Accuracy:  6.666666666666667
Evaluating on task (zero shot):  tracking_shuffled_objects_three_objects
Accuracy:  30.666666666666664
Evaluating on task (zero shot):  formal_fallacies
Accuracy:  50.66666666666667
Evaluating on task (zero shot):  reasoning_about_colored_objects
Accuracy:  41.333333333333336
Evaluating on task (zero shot):  causal_judgement
Accuracy:  55.172413793103445
Evaluating on task (zero shot):  movie_recommendation
Accuracy:  63.33333333333333
Evaluating on task (zero shot):  logical_deduction_five_objects
Accuracy:  32.0
Evaluating on task (zero shot):  ruin_names
Accuracy:  20.666666666666668
Evaluating on task (zero shot):  word_sorting
Accuracy:  0.6666666666666667
Evaluating on task (zero shot):  date_understanding
Accuracy:  23.333333333333332
Evaluating on task (zero shot):  navigate
Accuracy:  47.333333333333336
Evaluating on task (zero shot):  logical_deduction_seven_objects
Accuracy:  42.0
Evaluating on task (zero shot):  geometric_shapes
Accuracy:  9.333333333333334
Evaluating on task (zero shot):  object_counting
Accuracy:  34.66666666666667
Evaluating on task (zero shot):  sports_understanding
Accuracy:  56.00000000000001
Evaluating on task (zero shot):  snarks
Accuracy:  58.97435897435898
Evaluating on task (zero shot):  logical_deduction_three_objects
Accuracy:  8.0
Evaluating on task (zero shot):  salient_translation_error_detection
Accuracy:  40.666666666666664
Evaluating on task (zero shot):  hyperbaton
Accuracy:  60.66666666666667
Evaluating on task (zero shot):  tracking_shuffled_objects_five_objects
Accuracy:  12.0
Evaluating on task (zero shot):  web_of_lies
Accuracy:  55.333333333333336
