[2023-08-19 17:07:32,467] [INFO] [real_accelerator.py:133:get_accelerator] Setting ds_accelerator to cuda (auto detect)
Evaluating on task (zero shot):  boolean_expressions
Accuracy:  53.333333333333336
Evaluating on task (zero shot):  disambiguation_qa
Accuracy:  0.0
Evaluating on task (zero shot):  multistep_arithmetic_two
Accuracy:  0.6666666666666667
Evaluating on task (zero shot):  temporal_sequences
Accuracy:  12.0
Evaluating on task (zero shot):  dyck_languages
Accuracy:  1.3333333333333335
Evaluating on task (zero shot):  penguins_in_a_table
Accuracy:  39.130434782608695
Evaluating on task (zero shot):  tracking_shuffled_objects_seven_objects
Accuracy:  6.666666666666667
Evaluating on task (zero shot):  tracking_shuffled_objects_three_objects
Accuracy:  10.0
Evaluating on task (zero shot):  formal_fallacies
Accuracy:  51.33333333333333
Evaluating on task (zero shot):  reasoning_about_colored_objects
Accuracy:  34.0
Evaluating on task (zero shot):  causal_judgement
Accuracy:  57.47126436781609
Evaluating on task (zero shot):  movie_recommendation
Accuracy:  57.99999999999999
Evaluating on task (zero shot):  logical_deduction_five_objects
Accuracy:  19.333333333333332
Evaluating on task (zero shot):  ruin_names
Accuracy:  21.333333333333336
Evaluating on task (zero shot):  word_sorting
Accuracy:  0.6666666666666667
Evaluating on task (zero shot):  date_understanding
Accuracy:  13.333333333333334
Evaluating on task (zero shot):  navigate
Accuracy:  47.333333333333336
Evaluating on task (zero shot):  logical_deduction_seven_objects
Accuracy:  8.0
Evaluating on task (zero shot):  geometric_shapes
Accuracy:  8.0
Evaluating on task (zero shot):  object_counting
Accuracy:  34.66666666666667
Evaluating on task (zero shot):  sports_understanding
Accuracy:  55.333333333333336
Evaluating on task (zero shot):  snarks
Accuracy:  51.28205128205128
Evaluating on task (zero shot):  logical_deduction_three_objects
Accuracy:  0.0
Evaluating on task (zero shot):  salient_translation_error_detection
Accuracy:  35.333333333333336
Evaluating on task (zero shot):  hyperbaton
Accuracy:  3.3333333333333335
Evaluating on task (zero shot):  tracking_shuffled_objects_five_objects
Accuracy:  10.666666666666668
Evaluating on task (zero shot):  web_of_lies
Accuracy:  54.0
