[2023-08-19 17:43:33,569] [INFO] [real_accelerator.py:133:get_accelerator] Setting ds_accelerator to cuda (auto detect)
Evaluating on task (zero shot):  boolean_expressions
Accuracy:  56.00000000000001
Evaluating on task (zero shot):  disambiguation_qa
Accuracy:  0.0
Evaluating on task (zero shot):  multistep_arithmetic_two
Accuracy:  0.0
Evaluating on task (zero shot):  temporal_sequences
Accuracy:  21.333333333333336
Evaluating on task (zero shot):  dyck_languages
Accuracy:  1.3333333333333335
Evaluating on task (zero shot):  penguins_in_a_table
Accuracy:  43.47826086956522
Evaluating on task (zero shot):  tracking_shuffled_objects_seven_objects
Accuracy:  6.666666666666667
Evaluating on task (zero shot):  tracking_shuffled_objects_three_objects
Accuracy:  23.333333333333332
Evaluating on task (zero shot):  formal_fallacies
Accuracy:  51.33333333333333
Evaluating on task (zero shot):  reasoning_about_colored_objects
Accuracy:  37.333333333333336
Evaluating on task (zero shot):  causal_judgement
Accuracy:  57.47126436781609
Evaluating on task (zero shot):  movie_recommendation
Accuracy:  60.66666666666667
Evaluating on task (zero shot):  logical_deduction_five_objects
Accuracy:  22.666666666666664
Evaluating on task (zero shot):  ruin_names
Accuracy:  22.666666666666664
Evaluating on task (zero shot):  word_sorting
Accuracy:  0.6666666666666667
Evaluating on task (zero shot):  date_understanding
Accuracy:  20.0
Evaluating on task (zero shot):  navigate
Accuracy:  48.0
Evaluating on task (zero shot):  logical_deduction_seven_objects
Accuracy:  17.333333333333336
Evaluating on task (zero shot):  geometric_shapes
Accuracy:  8.0
Evaluating on task (zero shot):  object_counting
Accuracy:  35.333333333333336
Evaluating on task (zero shot):  sports_understanding
Accuracy:  56.666666666666664
Evaluating on task (zero shot):  snarks
Accuracy:  43.58974358974359
Evaluating on task (zero shot):  logical_deduction_three_objects
Accuracy:  2.0
Evaluating on task (zero shot):  salient_translation_error_detection
Accuracy:  39.33333333333333
Evaluating on task (zero shot):  hyperbaton
Accuracy:  0.6666666666666667
Evaluating on task (zero shot):  tracking_shuffled_objects_five_objects
Accuracy:  12.0
Evaluating on task (zero shot):  web_of_lies
Accuracy:  54.0
